

VIM - Vi IMproved 9.0 (2022 Jun 28, compiled Nov 09 2022 23:55:52)
macOS version - arm64
Included patches: 1-850
Compiled by Homebrew
Huge version without GUI.  Features included (+) or not (-):
+acl               +cryptv            +fork()            +modify_fname      +persistent_undo   -sun_workshop      +viminfo
+arabic            +cscope            +gettext           +mouse             +popupwin          +syntax            +virtualedit
+autocmd           +cursorbind        -hangul_input      -mouseshape        +postscript        +tag_binary        +visual
+autochdir         +cursorshape       +iconv             +mouse_dec         +printer           -tag_old_static    +visualextra
-autoservername    +dialog_con        +insert_expand     -mouse_gpm         +profile           -tag_any_white     +vreplace
-balloon_eval      +diff              +ipv6              -mouse_jsbterm     -python            -tcl               +wildignore
+balloon_eval_term +digraphs          +job               +mouse_netterm     +python3           +termguicolors     +wildmenu
-browse            -dnd               +jumplist          +mouse_sgr         +quickfix          +terminal          +windows
++builtin_terms    -ebcdic            +keymap            -mouse_sysmouse    +reltime           +terminfo          +writebackup
+byte_offset       +emacs_tags        +lambda            +mouse_urxvt       +rightleft         +termresponse      -X11
+channel           +eval              +langmap           +mouse_xterm       +ruby              +textobjects       -xfontset
+cindent           +ex_extra          +libcall           +multi_byte        +scrollbind        +textprop          -xim
-clientserver      +extra_search      +linebreak         +multi_lang        +signs             +timers            -xpm
+clipboard         -farsi             +lispindent        -mzscheme          +smartindent       +title             -xsmp
+cmdline_compl     +file_in_path      +listcmds          +netbeans_intg     -sodium            -toolbar           -xterm_clipboard
+cmdline_hist      +find_in_path      +localmap          +num64             +sound             +user_commands     -xterm_save
+cmdline_info      +float             +lua               +packages          +spell             +vartabs           
+comments          +folding           +menu              +path_extra        +startuptime       +vertsplit         
+conceal           -footer            +mksession         +perl              +statusline        +vim9script        
   system vimrc file: "$VIM/vimrc"
     user vimrc file: "$HOME/.vimrc"
 2nd user vimrc file: "~/.vim/vimrc"
      user exrc file: "$HOME/.exrc"
       defaults file: "$VIMRUNTIME/defaults.vim"
  fall-back for $VIM: "/opt/homebrew/share/vim"
Compilation: clang -c -I. -Iproto -DHAVE_CONFIG_H -DMACOS_X -DMACOS_X_DARWIN -g -O2 -D_REENTRANT -U_FORTIFY_SOURCE -D_FORTIFY_SOURCE=1 
Linking: clang -L. -fstack-protector-strong -L/opt/homebrew/lib -L/opt/homebrew/opt/libyaml/lib -L/opt/homebrew/opt/openssl@1.1/lib -L/opt/homebrew/opt/readline/lib -o vim -lm -lncurses -liconv -lintl -framework AppKit -L/opt/homebrew/opt/lua/lib -llua5.4 -mmacosx-version-min=13.0 -fstack-protector-strong -L/opt/homebrew/opt/perl/lib/perl5/5.36/darwin-thread-multi-2level/CORE -lperl -L/opt/homebrew/opt/python@3.10/Frameworks/Python.framework/Versions/3.10/lib/python3.10/config-3.10-darwin -lpython3.10 -framework CoreFoundation -lruby.3.1 -L/opt/homebrew/Cellar/ruby/3.1.2_1/lib 2022-11-11 17:56:25.569756: AutoUpdate called [/Users/hamid/Development/Python_Scripts/Hackerrank/problem-solving/Bike_Racers.py]
2022-11-11 17:56:25.570571: Vim filetype: 'python', sanitized filetype: 'python'
2022-11-11 17:56:25.570835: Checking if file is valid [/Users/hamid/Development/Python_Scripts/Hackerrank/problem-solving/Bike_Racers.py]
2022-11-11 17:56:25.571422: File data outdated, updating [/Users/hamid/Development/Python_Scripts/Hackerrank/problem-solving/Bike_Racers.py]
2022-11-11 17:56:25.571676: ProcessFile called [/Users/hamid/Development/Python_Scripts/Hackerrank/problem-solving/Bike_Racers.py]
2022-11-11 17:56:25.572026: Checking if file is valid [/Users/hamid/Development/Python_Scripts/Hackerrank/problem-solving/Bike_Racers.py]
2022-11-11 17:56:25.572761: typeinfo for file to process: {'ctagstype': 'python', 'ftype': 'python', 'kinddict': {'c': 1, 'v': 4, 'f': 2, 'i': 0, 'm': 3, '?': 5}, 'sro': '.', 'createKinddict': function('<SNR>138_createKinddict'), 'getKind': function('<SNR>138_getKind'), 'kind2scope': {'c': 'class', 'f': 'function', 'm': 'function', '?': 'unknown'}, 'scope2kind': {'function': 'f', 'class': 'c'}, 'kinds': [{'short': 'i', 'long': 'imports', 'fold': 1, 'stl': 0}, {'short': 'c', 'long': 'classes', 'fold': 0, 'stl': 1}, {'short': 'f', 'long': 'functions', 'fold': 0, 'stl': 1}, {'short': 'm', 'long': 'members', 'fold': 0, 'stl': 1}, {'short': 'v', 'long': 'variables', 'fold': 0, 'stl': 0}, {'short': '?', 'long': 'unknown', 'fold': 0, 'stl': 1}]}
2022-11-11 17:56:25.573062: Caching file into: /var/folders/kc/k9p257md2kn6_z_747_ppptw0000gn/T/vSBmbjO/11.py
2022-11-11 17:56:25.578279: ExecuteCtagsOnFile called [/var/folders/kc/k9p257md2kn6_z_747_ppptw0000gn/T/vSBmbjO/11.py]
2022-11-11 17:56:25.578818: EscapeCtagsCmd called
2022-11-11 17:56:25.579011: ctags_bin: ctags
2022-11-11 17:56:25.579203: ctags_args (is a list): ['--extra=', '--file-scope=yes', '-f', '-', '--format=2', '--excmd=pattern', '--fields=nksSafet', '--sort=no', '--append=no', '-V', '--language-force=python', '--python-kinds=icfmv']
2022-11-11 17:56:25.579670: Escaped ctags command: 'ctags' '--extra=' '--file-scope=yes' '-f' '-' '--format=2' '--excmd=pattern' '--fields=nksSafet' '--sort=no' '--append=no' '-V' '--language-force=python' '--python-kinds=icfmv' '/var/folders/kc/k9p257md2kn6_z_747_ppptw0000gn/T/vSBmbjO/11.py'
2022-11-11 17:56:25.579893: Executing ctags command: 'ctags' '--extra=' '--file-scope=yes' '-f' '-' '--format=2' '--excmd=pattern' '--fields=nksSafet' '--sort=no' '--append=no' '-V' '--language-force=python' '--python-kinds=icfmv' '/var/folders/kc/k9p257md2kn6_z_747_ppptw0000gn/T/vSBmbjO/11.py'
2022-11-11 17:56:25.595160: Calling shell to execute: "('ctags' '--extra=' '--file-scope=yes' '-f' '-' '--format=2' '--excmd=pattern' '--fields=nksSafet' '--sort=no' '--append=no' '-V' '--language-force=python' '--python-kinds=icfmv' '/var/folders/kc/k9p257md2kn6_z_747_ppptw0000gn/T/vSBmbjO/11.py')>/var/folders/kc/k9p257md2kn6_z_747_ppptw0000gn/T/vSBmbjO/12 2>&1"
2022-11-11 17:56:25.595387: Exit code: 0
2022-11-11 17:56:25.630203: Ctags executed successfully
2022-11-11 17:56:25.630649: Filetype tag kinds: ['c', 'v', 'f', 'i', 'm', '?']
2022-11-11 17:56:25.630731: Parsing ctags output
2022-11-11 17:56:25.633079: Processing kind: i, number of tags: 0
2022-11-11 17:56:25.633190: Processing kind: v, number of tags: 0
2022-11-11 17:56:25.633527: RenderContent called
2022-11-11 17:56:25.633653: goto_win(): wincmd p, 1
2022-11-11 17:56:25.633744: goto_win(): 2wincmd w, 1
2022-11-11 17:56:25.633840: Redisplaying file [/Users/hamid/Development/Python_Scripts/Hackerrank/problem-solving/Bike_Racers.py]
2022-11-11 17:56:25.634027: PrintKinds called
2022-11-11 17:56:25.634098: Printing kind: i, number of (top-level) tags: 0
2022-11-11 17:56:25.634162: Printing kind: c, number of (top-level) tags: 0
2022-11-11 17:56:25.634228: Printing kind: f, number of (top-level) tags: 2
2022-11-11 17:56:25.634819: Printing kind: m, number of (top-level) tags: 0
2022-11-11 17:56:25.634889: Printing kind: v, number of (top-level) tags: 0
2022-11-11 17:56:25.634956: Printing kind: ?, number of (top-level) tags: 0
2022-11-11 17:56:25.635193: goto_win(): 2wincmd w, 1
2022-11-11 17:56:25.635270: goto_win(): 1wincmd w, 1
2022-11-11 17:56:25.635337: Setting current file [/Users/hamid/Development/Python_Scripts/Hackerrank/problem-solving/Bike_Racers.py]
2022-11-11 17:56:25.635545: goto_win(): wincmd p, 1
2022-11-11 17:56:25.635623: goto_win(): 2wincmd w, 1
2022-11-11 17:56:25.635754: Highlight pattern: '/^\%4l\s*[▾▸ ][-+# ]\?\zs\Vrecurse\m\ze/'
2022-11-11 17:56:25.635840: goto_win(): 2wincmd w, 1
2022-11-11 17:56:25.635914: goto_win(): 1wincmd w, 1
2022-11-11 17:56:25.641628: goto_win(): wincmd p, 1
2022-11-11 17:56:25.641718: goto_win(): 2wincmd w, 1
2022-11-11 17:56:25.643338: goto_win(): 2wincmd w, 1
2022-11-11 17:56:25.643414: goto_win(): 1wincmd w, 1
2022-11-11 17:56:25.643471: AutoUpdate finished successfully
2022-11-11 17:56:51.965847: RenderContent called
2022-11-11 17:56:51.967071: goto_win(): wincmd p, 1
2022-11-11 17:56:51.967582: goto_win(): 2wincmd w, 1
2022-11-11 17:56:51.968090: Redisplaying file [/Users/hamid/Development/Python_Scripts/Hackerrank/problem-solving/Bike_Racers.py]
2022-11-11 17:56:51.968729: PrintKinds called
2022-11-11 17:56:51.969075: Printing kind: i, number of (top-level) tags: 0
2022-11-11 17:56:51.969307: Printing kind: c, number of (top-level) tags: 0
2022-11-11 17:56:51.969488: Printing kind: f, number of (top-level) tags: 2
2022-11-11 17:56:51.971399: Printing kind: m, number of (top-level) tags: 0
2022-11-11 17:56:51.971683: Printing kind: v, number of (top-level) tags: 0
2022-11-11 17:56:51.971875: Printing kind: ?, number of (top-level) tags: 0
2022-11-11 17:56:51.972591: goto_win(): 2wincmd w, 1
2022-11-11 17:56:51.972955: goto_win(): 1wincmd w, 1
2022-11-11 17:57:05.426524: CloseWindow called
2022-11-11 17:57:05.427411: goto_win(): 2wincmd w, 0
2022-11-11 17:57:05.456250: AutoUpdate called [/Users/hamid/Development/Python_Scripts/Hackerrank/problem-solving/__Tagbar__.1]
2022-11-11 17:57:05.456520: In Tagbar window, stopping processing
2022-11-11 17:57:05.475463: AutoUpdate called [/Users/hamid/Development/Python_Scripts/Hackerrank/problem-solving/Bike_Racers.py]
2022-11-11 17:57:05.475616: Vim filetype: 'python', sanitized filetype: 'python'
2022-11-11 17:57:05.477049: Checking if file is valid [/Users/hamid/Development/Python_Scripts/Hackerrank/problem-solving/Bike_Racers.py]
2022-11-11 17:57:05.477312: File data seems up to date [/Users/hamid/Development/Python_Scripts/Hackerrank/problem-solving/Bike_Racers.py]
2022-11-11 17:57:05.477470: Setting current file [/Users/hamid/Development/Python_Scripts/Hackerrank/problem-solving/Bike_Racers.py]
2022-11-11 17:57:05.477879: AutoUpdate finished successfully
2022-11-11 17:57:05.478018: goto_win(): 1wincmd w, 0
2022-11-11 17:57:05.478141: CloseWindow finished
2022-11-11 17:57:15.250659: AutoUpdate called [/Users/hamid/Development/Python_Scripts/Hackerrank/problem-solving/qf]
2022-11-11 17:57:15.250825: Vim filetype: '', sanitized filetype: ''
2022-11-11 17:57:15.250875: Checking if file is valid [/Users/hamid/Development/Python_Scripts/Hackerrank/problem-solving/qf]
2022-11-11 17:57:15.250920: Empty filename or type
2022-11-11 17:57:15.250960: Not a valid file, stopping processing
